ISim log file
Running: D:\Computer_Organization\P6\CPU_decoder\tb_mips_isim_beh.exe -intstyle ise -gui -tclbatch isim.cmd -wdb D:/Computer_Organization/P6/CPU_decoder/tb_mips_isim_beh.wdb 
ISim P.20131013 (signature 0x7708f090)
This is a Full version of ISim.
Time resolution is 1 ps
# onerror resume
# wave add /
# run 1000 ns
Simulator is doing circuit initialization process.
Finished circuit initialization process.
@00003000: $ 1 <= f0ff0000
@00003004: $ 2 <= f0ffabbd
@00003008: $ 3 <= 87f80000
@0000300c: $ 4 <= fe1fe000
@00003010: $ 5 <= 1e1fe000
@00003014: $ 6 <= 8617e000
@00003018: $ 7 <= 8617e000
@0000301c: $ 8 <= 89d82000
@00003020: $22 <= 08005442
@00003024: $ 8 <= 89d82000
@00003028: $ 9 <= ffffe000
@0000302c: $10 <= 00001fff
@00003030: $11 <= 7627c000
@00003038: $12 <= 41430000
@0000303c: $13 <= 00e113f0
@00003048: $ 5 <= 8617e000
@0000304c: $ 6 <= 1e1fe000
@00003054: $ 5 <= 41430000
@00003058: $ 6 <= e2dfbfad
@00003060: $ 5 <= 00000001
@00003064: $ 6 <= ffff5443
@0000306c: $ 5 <= 00000000
@00003070: $ 6 <= f0ff0000
@0000307c: $ 9 <= 00000000
@00003080: $31 <= 00003088
@00003094: $10 <= 000030ec
@00003098: $ 9 <= 000030a8
@0000309c: $ 5 <= 000030a4
@000030a8: $19 <= 00414300
@000030ac: $20 <= 00414300
@000030b0: $21 <= 43000000
@000030b4: *00000000 <= f0ff0000
@000030b8: *00000004 <= 000000bd
@000030bc: *00000004 <= 0000bdbd
@000030c0: *00000004 <= abbdbdbd
@000030c4: $22 <= 00000000
@000030c8: $22 <= 00000000
@000030cc: $23 <= fffff0ff
@000030d0: $24 <= 0000bdbd
# run 5.00us
@000030d4: $25 <= abbdbdbd
@000030d8: $ 4 <= fe1fe004
@000030dc: $ 5 <= 000030a9
@000030e0: $ 6 <= 00000000
@000030e4: $ 7 <= 8617e007
@000030e8: $ 4 <= 00030000
@000030ec: $ 5 <= 00000004
@000030f0: $ 6 <= 00000000
@000030f4: $ 7 <= 00000000
@000030f8: $ 6 <= 00000001
@000030fc: $ 7 <= 00000001
@00003120: $31 <= 00003128
@00003128: $ 4 <= 00040000
@00003144: $ 4 <= f0000000
@00003154: $ 9 <= 00000001
@00003158: $10 <= 00000001
@0000315c: $16 <= 0000316c
@00003160: $ 3 <= 00003168
@0000316c: $ 4 <= e0000000
# cls
# run 5.00us
# cls
# restart
# cls
# run 5.00us
Simulator is doing circuit initialization process.
Finished circuit initialization process.
@00003000: $ 1 <= abcd0000
@00003004: $ 2 <= ffff0000
@00003008: $ 3 <= abcd0001
@0000300c: $ 4 <= ffff0001
@00003010: $ 5 <= fffe0002
@00003014: $ 6 <= 7fff8000
@00003018: $ 7 <= ffff8000
@0000301c: $31 <= 00003024
@0000305c: $ 8 <= 00003024
@00003024: $ 9 <= 00002210
@00003028: $10 <= 00001234
@0000302c: $11 <= ffffcdcb
@00003030: $12 <= ffff6606
@00003034: *00000000 <= 00000006
@00003068: $13 <= 00000001
@0000306c: $14 <= 00000000
@00003070: $15 <= ffff6607
@00003074: $16 <= 000099f8
@00003080: $21 <= 00003024
@00003084: $22 <= 00001812
@00003088: $23 <= 00001813
@0000308c: $24 <= 00001813
@000030f4: $ 1 <= 00000010
@000030f8: *00000014 <= 0000cdcb
@000030fc: *00000018 <= 00000000
@00003100: *00000010 <= 00000001
@00003104: *0000000c <= 30240000
@00003108: *0000000c <= 30243024
@0000310c: *00000014 <= 0024cdcb
@00003110: *00000014 <= 0624cdcb
@00003114: $11 <= 00000001
@00003118: $13 <= 00000000
@0000311c: $ 4 <= 00000001
@00003120: $14 <= 00003024
@00003124: $15 <= 00003024
@00003128: *00000000 <= 00003024
@0000312c: *00000004 <= 30240000
@00003130: $16 <= 00000030
@00003134: *00000004 <= 00001812
@00003138: $ 1 <= 00001812
@0000313c: $ 2 <= 00001812
@00003140: $ 3 <= 00001812
@00003144: *00000000 <= 13003024
@00003148: $23 <= 00000013
@0000314c: $24 <= 00000013
@00003150: $31 <= 00003158
@00003174: $20 <= 00003158
@00003158: $ 4 <= 0000ffff
@0000315c: *00000008 <= ffff0000
@00003160: $ 5 <= 0000ffff
@00003164: $ 6 <= ffffffff
@00003168: $ 7 <= ffffffff
@00003184: $ 3 <= 00001813
@00003188: $ 4 <= 00018130
@0000318c: $ 5 <= 00000604
@00003190: $ 6 <= 00000604
@00003194: $ 7 <= 0000060c
@00003198: $ 1 <= 00000001
@0000319c: $ 8 <= 0000060b
@000031a0: $ 9 <= 00003058
@000031a4: $10 <= 000000c1
@000031a8: $11 <= 000000c1
@000031ac: $12 <= 00000000
@000031b0: $13 <= 00000001
@000031b4: $14 <= 00000000
@000031b8: $15 <= 00018ac0
@000031bc: $16 <= 0000062b
@000031c0: $17 <= 0000062b
@000031d8: *00000000 <= 00000000
@000031dc: $18 <= 00000008
@000031e0: $19 <= 00000020
@000031e4: $20 <= 00000002
@000031e8: $21 <= 00000002
@000031ec: $22 <= 00000000
@000031f0: $ 1 <= f0f00000
@000031f4: $ 2 <= 0f000000
@000031f8: $ 3 <= ff0f0000
@000031fc: $ 4 <= 0f0f0000
@00003200: $ 1 <= 0000fabc
@00003204: $ 2 <= 000fabc0
@00003208: $ 3 <= 00000fab
@0000320c: $ 4 <= 00000fab
@00003210: $ 5 <= 000fabc1
@00003214: $ 6 <= 00000fad
@00003218: $ 1 <= 00000002
@0000321c: *00000004 <= 00000002
@00003220: *00000008 <= 00000002
@00003224: $ 2 <= 0000000a
@00003228: *00000004 <= 000a0002
@0000322c: *00000008 <= 000a0002
@00003230: $ 3 <= ffff0000
@00003234: $ 3 <= ffff1234
@00003238: *00000000 <= 00000034
@0000323c: *00000000 <= 00003434
@00003240: *00000000 <= 00343434
@00003244: *00000000 <= 34343434
@00003248: $ 4 <= 00000004
@0000324c: *00000004 <= 000a00c0
@00003250: *00000004 <= 000a8ac0
@00003254: *00000004 <= 00018ac0
@00003258: $13 <= ffffffcb
@0000325c: $14 <= ffffffcd
@00003260: $15 <= ffffffd0
@00003264: $16 <= ffffffc2
@00003268: $17 <= 000000cb
@0000326c: $18 <= 000000cd
@00003270: $19 <= 00000000
@00003274: $20 <= 00000001
@00003278: $ 9 <= ffff8ac0
@0000327c: $10 <= 00000001
@00003280: $11 <= 00000000
@00003284: $12 <= ffff8ac2
# restart
# cls
# run 5.00us
Simulator is doing circuit initialization process.
Finished circuit initialization process.
@00003000: $ 2 <= 00000002
@00003004: $ 1 <= f0f00000
@00003008: $ 3 <= 3c3c0000
@0000300c: $ 4 <= fc3c0000
@00003010: $ 5 <= c3c00000
@00003014: *00000000 <= c3c00000
@00003018: *00000004 <= 3c3c0000
@0000301c: $ 6 <= 00000004
@00003020: $ 7 <= 0000003c
@00003024: $11 <= 00003c3c
@00003028: $12 <= 00003c3c
@0000302c: $ 8 <= 00003c3a
@00003030: $ 9 <= 00000006
@00003034: $10 <= 00003c3e
@00003038: $13 <= 3c3c0000
@0000303c: $14 <= c3c3ffff
@00003040: $15 <= 00000000
@00003044: $16 <= 00000001
@00003048: $17 <= 0000003c
@0000304c: $18 <= 00000000
@00003050: $31 <= 00003058
@00003068: $ 4 <= 00003058
@0000306c: $31 <= 00003074
@00003058: $ 4 <= 00040000
@0000305c: $ 5 <= 00400000
@00003074: $ 4 <= 00100000
@00003078: $ 4 <= 00100003
@0000307c: *00000008 <= 00000003
@00003080: *00000004 <= 033c0000
@00003084: *00000004 <= 03030000
@00003088: *00000004 <= 03030300
@0000308c: *00000000 <= 00030000
@00003090: $ 5 <= 00200006
@00003094: $ 6 <= ffcffff8
@00003098: *00000000 <= ffcffff8
@000030a0: $ 6 <= fffffff8
@000030a4: $ 7 <= 00000008
@000030a8: $ 8 <= fffffff8
@000030e8: $19 <= 00000000
@000030ec: $18 <= 00000001
@000030f0: $ 1 <= 00000000
@000030f4: $ 2 <= 00000008
@000030f8: $ 3 <= 00000000
@000030fc: $20 <= 00000008
@00003100: $20 <= 00000001
@00003104: $21 <= 00000004
@00003108: $22 <= 00000000
@0000310c: $23 <= 00000000
@0000311c: $21 <= 00000000
@00003120: $22 <= 00000000
@00003124: $23 <= 00000000
@00003128: $24 <= 00000000
@0000312c: $20 <= 00000000
@00003130: $ 1 <= 00000003
@00003134: $ 2 <= 18787fff
@00003138: $22 <= 030f0fff
@0000313c: $ 3 <= 1e1ffff8
@00003140: $23 <= f0ffffc0
@00003144: $ 4 <= f8787fff
@00003148: $24 <= ff0f0fff
@0000314c: $ 1 <= fccc0000
@00003150: $ 2 <= fccc1234
@00003154: *00000008 <= fccc1234
@00003158: $ 1 <= abcd0000
@0000315c: $ 2 <= abcdeecc
@00003160: *00000010 <= abcdeecc
@00003164: $ 1 <= fffffff8
@00003168: $11 <= ffffffc0
@0000316c: $12 <= 0fffffff
@00003170: $13 <= ffffffff
@00003174: *0000000c <= ffffffff
@00003178: $ 4 <= 0000ffcf
@0000317c: $ 3 <= 00000303
@00003180: $14 <= 00000c0c
@00003184: $15 <= 00000030
@00003188: $16 <= 00000060
@0000318c: *00000008 <= fccc0060
@00003190: *00000008 <= 00600060
@00003194: $ 5 <= 03030300
@00003198: $17 <= 06060600
@0000319c: $18 <= 00c0c0c0
@000031a0: $19 <= 00606060
@000031a4: *00000004 <= 03030360
@000031a8: *00000004 <= 03036060
@000031ac: $ 1 <= fffffff9
@000031b0: $ 7 <= fffffff1
@000031bc: $ 4 <= 0001ff9e
@000031d0: $ 1 <= 00020000
@000031e0: $ 1 <= 00030000
@000031e4: $ 4 <= ffffffff
@000031f4: $ 4 <= 00000004
@00003200: $ 4 <= 00000000
@0000320c: $31 <= 00003214
@0000322c: $20 <= 0000c850
@00003230: $ 2 <= 00003238
@00003214: $ 5 <= 00003238
@00003218: $ 4 <= 00030000
@00003238: $20 <= 00003244
@00003244: $ 4 <= 00060000
@00003248: $ 4 <= 00000000
@0000324c: $ 5 <= 00000007
# restart
# cls
# run 5.00us
Simulator is doing circuit initialization process.
Finished circuit initialization process.
@00003000: $ 1 <= 11110000
@00003004: $ 1 <= 11110001
@0000300c: $ 2 <= 01234321
@00003010: $ 3 <= 22220001
@00003014: $ 4 <= 22220007
@00003018: $ 4 <= 23454322
@0000301c: $ 4 <= 88880004
@00003020: *00000000 <= 00000001
@00003024: $ 5 <= abcd0000
@00003028: $ 5 <= abcdcdef
@0000302c: $ 7 <= 0000acab
@00003034: $ 9 <= abce7a9a
@00003038: $10 <= abcdcdef
@00003040: $11 <= abcdcdef
@00003044: $12 <= 00000907
@00003048: $12 <= abcdd6f6
@0000304c: $13 <= 00000907
@00003050: $ 7 <= 00003070
@00003054: $ 8 <= 00000000
@00003058: $ 8 <= 00000000
@00003060: $ 5 <= 00000005
@00003064: $ 9 <= 0000306c
@00003070: $ 4 <= ffff0000
@00003074: $ 5 <= 0000ffff
@0000307c: $ 6 <= 00010000
@00003080: $ 7 <= ffffffff
@00003084: $ 6 <= 00100000
@00003088: $ 7 <= fff00000
@00003090: $ 8 <= 00010000
@00003094: $ 9 <= 0000fffe
@00003098: $10 <= 00000000
@0000309c: $10 <= 00000000
@000030a4: $11 <= fff0ffff
@000030a8: $11 <= fff0ffff
@000030ac: $11 <= 00000000
@000030b0: $12 <= 0000ffff
@000030b4: *00000004 <= 00000000
@000030b8: *00000008 <= 00000000
@000030c8: $31 <= 000030d0
@000030d8: $18 <= 00000000
@000030dc: $19 <= 000030d0
@000030e0: $20 <= 00007fff
@000030e4: $ 1 <= abcd0000
@000030e8: $ 2 <= abcddcba
@000030f0: $ 3 <= 0000dcba
@000030f4: $ 4 <= 54322345
@000030f8: *00000008 <= 54322345
@000030fc: $ 5 <= fef20000
@00003100: *00000010 <= fef20000
@00003104: *00000008 <= 54002345
@00003108: *0000000c <= 00000000
@0000310c: $ 6 <= 1bb1398f
@00003110: *0000000c <= 398f0000
@00003114: *00000008 <= 8f002345
@00003118: *00000000 <= 1bb1398f
@0000311c: $ 7 <= 8f002345
@00003128: $ 7 <= 1bb1398f
@0000312c: $ 9 <= 00000004
@00003130: $12 <= 00000000
@00003134: $13 <= 00000000
