Release 14.7 - xst P.20131013 (nt)
Copyright (c) 1995-2013 Xilinx, Inc.  All rights reserved.
--> Parameter TMPDIR set to xst/projnav.tmp


Total REAL time to Xst completion: 0.00 secs
Total CPU time to Xst completion: 0.13 secs
 
--> Parameter xsthdpdir set to xst


Total REAL time to Xst completion: 0.00 secs
Total CPU time to Xst completion: 0.13 secs
 
--> Reading design: gray.prj

TABLE OF CONTENTS
  1) Synthesis Options Summary
  2) HDL Parsing
  3) HDL Elaboration
  4) HDL Synthesis
       4.1) HDL Synthesis Report
  5) Advanced HDL Synthesis
       5.1) Advanced HDL Synthesis Report
  6) Low Level Synthesis
  7) Partition Report
  8) Design Summary
       8.1) Primitive and Black Box Usage
       8.2) Device utilization summary
       8.3) Partition Resource Summary
       8.4) Timing Report
            8.4.1) Clock Information
            8.4.2) Asynchronous Control Signals Information
            8.4.3) Timing Summary
            8.4.4) Timing Details
            8.4.5) Cross Clock Domains Report


=========================================================================
*                      Synthesis Options Summary                        *
=========================================================================
---- Source Parameters
Input File Name                    : "gray.prj"
Ignore Synthesis Constraint File   : NO

---- Target Parameters
Output File Name                   : "gray"
Output Format                      : NGC
Target Device                      : xc7a100t-3-csg324

---- Source Options
Top Module Name                    : gray
Automatic FSM Extraction           : YES
FSM Encoding Algorithm             : Auto
Safe Implementation                : No
FSM Style                          : LUT
RAM Extraction                     : Yes
RAM Style                          : Auto
ROM Extraction                     : Yes
Shift Register Extraction          : YES
ROM Style                          : Auto
Resource Sharing                   : YES
Asynchronous To Synchronous        : NO
Shift Register Minimum Size        : 2
Use DSP Block                      : Auto
Automatic Register Balancing       : No

---- Target Options
LUT Combining                      : Auto
Reduce Control Sets                : Auto
Add IO Buffers                     : YES
Global Maximum Fanout              : 100000
Add Generic Clock Buffer(BUFG)     : 32
Register Duplication               : YES
Optimize Instantiated Primitives   : NO
Use Clock Enable                   : Auto
Use Synchronous Set                : Auto
Use Synchronous Reset              : Auto
Pack IO Registers into IOBs        : Auto
Equivalent register Removal        : YES

---- General Options
Optimization Goal                  : Speed
Optimization Effort                : 1
Power Reduction                    : NO
Keep Hierarchy                     : No
Netlist Hierarchy                  : As_Optimized
RTL Output                         : Yes
Global Optimization                : AllClockNets
Read Cores                         : YES
Write Timing Constraints           : NO
Cross Clock Analysis               : NO
Hierarchy Separator                : /
Bus Delimiter                      : <>
Case Specifier                     : Maintain
Slice Utilization Ratio            : 100
BRAM Utilization Ratio             : 100
DSP48 Utilization Ratio            : 100
Auto BRAM Packing                  : NO
Slice Utilization Ratio Delta      : 5

=========================================================================


=========================================================================
*                          HDL Parsing                                  *
=========================================================================
Analyzing Verilog file "D:\Computer Organization\P1\GRAY\gray.v" into library work
Parsing module <gray>.

=========================================================================
*                            HDL Elaboration                            *
=========================================================================

Elaborating module <gray>.
WARNING:HDLCompiler:295 - "D:\Computer Organization\P1\GRAY\gray.v" Line 42: case condition never applies
WARNING:HDLCompiler:295 - "D:\Computer Organization\P1\GRAY\gray.v" Line 43: case condition never applies
WARNING:HDLCompiler:295 - "D:\Computer Organization\P1\GRAY\gray.v" Line 44: case condition never applies
WARNING:HDLCompiler:295 - "D:\Computer Organization\P1\GRAY\gray.v" Line 45: case condition never applies
WARNING:HDLCompiler:295 - "D:\Computer Organization\P1\GRAY\gray.v" Line 46: case condition never applies
WARNING:HDLCompiler:295 - "D:\Computer Organization\P1\GRAY\gray.v" Line 47: case condition never applies

=========================================================================
*                           HDL Synthesis                               *
=========================================================================

Synthesizing Unit <gray>.
    Related source file is "D:\Computer Organization\P1\GRAY\gray.v".
    Found 3-bit register for signal <Output>.
    Found 1-bit register for signal <Overflow>.
    Found finite state machine <FSM_0> for signal <counter>.
    -----------------------------------------------------------------------
    | States             | 3                                              |
    | Transitions        | 6                                              |
    | Inputs             | 2                                              |
    | Outputs            | 4                                              |
    | Clock              | Clk (rising_edge)                              |
    | Reset              | Reset (positive)                               |
    | Reset type         | synchronous                                    |
    | Reset State        | 000                                            |
    | Encoding           | auto                                           |
    | Implementation     | LUT                                            |
    -----------------------------------------------------------------------
    Summary:
	inferred   1 D-type flip-flop(s).
	inferred   1 Finite State Machine(s).
Unit <gray> synthesized.

=========================================================================
HDL Synthesis Report

Macro Statistics
# Registers                                            : 1
 1-bit register                                        : 1
# FSMs                                                 : 1

=========================================================================

=========================================================================
*                       Advanced HDL Synthesis                          *
=========================================================================

WARNING:Xst:1710 - FF/Latch <flow> (without init value) has a constant value of 0 in block <gray>. This FF/Latch will be trimmed during the optimization process.

=========================================================================
Advanced HDL Synthesis Report

Macro Statistics
# Registers                                            : 1
 Flip-Flops                                            : 1
# FSMs                                                 : 1

=========================================================================

=========================================================================
*                         Low Level Synthesis                           *
=========================================================================
WARNING:Xst:1710 - FF/Latch <flow> (without init value) has a constant value of 0 in block <gray>. This FF/Latch will be trimmed during the optimization process.
Analyzing FSM <MFsm> for best encoding.
Optimizing FSM <FSM_0> on signal <counter[1:2]> with sequential encoding.
-------------------
 State | Encoding
-------------------
 000   | 00
 001   | 01
 011   | 10
-------------------

Optimizing unit <gray> ...

Mapping all equations...
Building and optimizing final netlist ...
Found area constraint ratio of 100 (+ 5) on block gray, actual ratio is 0.

Final Macro Processing ...

=========================================================================
Final Register Report

Macro Statistics
# Registers                                            : 2
 Flip-Flops                                            : 2

=========================================================================

=========================================================================
*                           Partition Report                            *
=========================================================================

Partition Implementation Status
-------------------------------

  No Partitions were found in this design.

-------------------------------

=========================================================================
*                            Design Summary                             *
=========================================================================

Top Level Output File Name         : gray.ngc

Primitive and Black Box Usage:
------------------------------
# BELS                             : 4
#      GND                         : 1
#      LUT2                        : 1
#      LUT3                        : 2
# FlipFlops/Latches                : 2
#      FDR                         : 2
# Clock Buffers                    : 1
#      BUFGP                       : 1
# IO Buffers                       : 6
#      IBUF                        : 2
#      OBUF                        : 4

Device utilization summary:
---------------------------

Selected Device : 7a100tcsg324-3 


Slice Logic Utilization: 
 Number of Slice Registers:               2  out of  126800     0%  
 Number of Slice LUTs:                    3  out of  63400     0%  
    Number used as Logic:                 3  out of  63400     0%  

Slice Logic Distribution: 
 Number of LUT Flip Flop pairs used:      5
   Number with an unused Flip Flop:       3  out of      5    60%  
   Number with an unused LUT:             2  out of      5    40%  
   Number of fully used LUT-FF pairs:     0  out of      5     0%  
   Number of unique control sets:         1

IO Utilization: 
 Number of IOs:                           7
 Number of bonded IOBs:                   7  out of    210     3%  

Specific Feature Utilization:
 Number of BUFG/BUFGCTRLs:                1  out of     32     3%  

---------------------------
Partition Resource Summary:
---------------------------

  No Partitions were found in this design.

---------------------------


=========================================================================
Timing Report

NOTE: THESE TIMING NUMBERS ARE ONLY A SYNTHESIS ESTIMATE.
      FOR ACCURATE TIMING INFORMATION PLEASE REFER TO THE TRACE REPORT
      GENERATED AFTER PLACE-and-ROUTE.

Clock Information:
------------------
-----------------------------------+------------------------+-------+
Clock Signal                       | Clock buffer(FF name)  | Load  |
-----------------------------------+------------------------+-------+
Clk                                | BUFGP                  | 2     |
-----------------------------------+------------------------+-------+

Asynchronous Control Signals Information:
----------------------------------------
No asynchronous control signals found in this design

Timing Summary:
---------------
Speed Grade: -3

   Minimum period: 0.855ns (Maximum Frequency: 1169.454MHz)
   Minimum input arrival time before clock: 0.633ns
   Maximum output required time after clock: 1.131ns
   Maximum combinational path delay: No path found

Timing Details:
---------------
All values displayed in nanoseconds (ns)

=========================================================================
Timing constraint: Default period analysis for Clock 'Clk'
  Clock period: 0.855ns (frequency: 1169.454MHz)
  Total number of paths / destination ports: 4 / 2
-------------------------------------------------------------------------
Delay:               0.855ns (Levels of Logic = 1)
  Source:            counter_FSM_FFd2 (FF)
  Destination:       counter_FSM_FFd2 (FF)
  Source Clock:      Clk rising
  Destination Clock: Clk rising

  Data Path: counter_FSM_FFd2 to counter_FSM_FFd2
                                Gate     Net
    Cell:in->out      fanout   Delay   Delay  Logical Name (Net Name)
    ----------------------------------------  ------------
     FDR:C->Q              3   0.361   0.389  counter_FSM_FFd2 (counter_FSM_FFd2)
     LUT3:I1->O            1   0.097   0.000  counter_FSM_FFd2-In1 (counter_FSM_FFd2-In)
     FDR:D                     0.008          counter_FSM_FFd2
    ----------------------------------------
    Total                      0.855ns (0.466ns logic, 0.389ns route)
                                       (54.5% logic, 45.5% route)

=========================================================================
Timing constraint: Default OFFSET IN BEFORE for Clock 'Clk'
  Total number of paths / destination ports: 4 / 4
-------------------------------------------------------------------------
Offset:              0.633ns (Levels of Logic = 1)
  Source:            Reset (PAD)
  Destination:       counter_FSM_FFd2 (FF)
  Destination Clock: Clk rising

  Data Path: Reset to counter_FSM_FFd2
                                Gate     Net
    Cell:in->out      fanout   Delay   Delay  Logical Name (Net Name)
    ----------------------------------------  ------------
     IBUF:I->O             2   0.001   0.283  Reset_IBUF (Reset_IBUF)
     FDR:R                     0.349          counter_FSM_FFd2
    ----------------------------------------
    Total                      0.633ns (0.350ns logic, 0.283ns route)
                                       (55.2% logic, 44.8% route)

=========================================================================
Timing constraint: Default OFFSET OUT AFTER for Clock 'Clk'
  Total number of paths / destination ports: 3 / 2
-------------------------------------------------------------------------
Offset:              1.131ns (Levels of Logic = 2)
  Source:            counter_FSM_FFd1 (FF)
  Destination:       Output<0> (PAD)
  Source Clock:      Clk rising

  Data Path: counter_FSM_FFd1 to Output<0>
                                Gate     Net
    Cell:in->out      fanout   Delay   Delay  Logical Name (Net Name)
    ----------------------------------------  ------------
     FDR:C->Q              4   0.361   0.393  counter_FSM_FFd1 (counter_FSM_FFd1)
     LUT2:I0->O            1   0.097   0.279  counter_Output[0]1 (Output_0_OBUF)
     OBUF:I->O                 0.000          Output_0_OBUF (Output<0>)
    ----------------------------------------
    Total                      1.131ns (0.458ns logic, 0.673ns route)
                                       (40.5% logic, 59.5% route)

=========================================================================

Cross Clock Domains Report:
--------------------------

Clock to Setup on destination clock Clk
---------------+---------+---------+---------+---------+
               | Src:Rise| Src:Fall| Src:Rise| Src:Fall|
Source Clock   |Dest:Rise|Dest:Rise|Dest:Fall|Dest:Fall|
---------------+---------+---------+---------+---------+
Clk            |    0.855|         |         |         |
---------------+---------+---------+---------+---------+

=========================================================================


Total REAL time to Xst completion: 10.00 secs
Total CPU time to Xst completion: 9.62 secs
 
--> 

Total memory usage is 418416 kilobytes

Number of errors   :    0 (   0 filtered)
Number of warnings :    8 (   0 filtered)
Number of infos    :    0 (   0 filtered)

